#
# There is insufficient memory for the Java Runtime Environment to continue.
# Native memory allocation (mmap) failed to map 33554432 bytes for committing reserved memory.
# Possible reasons:
#   The system is out of physical RAM or swap space
#   In 32 bit mode, the process size limit was hit
# Possible solutions:
#   Reduce memory load on the system
#   Increase physical memory or swap space
#   Check if swap backing store is full
#   Use 64 bit Java on a 64 bit OS
#   Decrease Java heap size (-Xmx/-Xms)
#   Decrease number of Java threads
#   Decrease Java thread stack sizes (-Xss)
#   Set larger code cache with -XX:ReservedCodeCacheSize=
# This output file may be truncated or incomplete.
#
#  Out of Memory Error (os_linux.cpp:2643), pid=4467, tid=0x00007f7b94bfb700
#
# JRE version: OpenJDK Runtime Environment (8.0_181-b13) (build 1.8.0_181-8u181-b13-2~deb9u1-b13)
# Java VM: OpenJDK 64-Bit Server VM (25.181-b13 mixed mode linux-amd64 compressed oops)
# Failed to write core dump. Core dumps have been disabled. To enable core dumping, try "ulimit -c unlimited" before starting Java again
#

---------------  T H R E A D  ---------------

Current thread (0x00007f7ba4074000):  VMThread [stack: 0x00007f7b94afc000,0x00007f7b94bfc000] [id=4473]

Stack: [0x00007f7b94afc000,0x00007f7b94bfc000],  sp=0x00007f7b94bfa4d0,  free space=1017k
Native frames: (J=compiled Java code, j=interpreted, Vv=VM code, C=native code)
V  [libjvm.so+0xa740a0]
V  [libjvm.so+0x4c9abc]
V  [libjvm.so+0x8c1dd8]
V  [libjvm.so+0x8bc37e]
V  [libjvm.so+0x93772e]
V  [libjvm.so+0x938ab3]
V  [libjvm.so+0x935103]
V  [libjvm.so+0x9353ac]
V  [libjvm.so+0x8e6853]
V  [libjvm.so+0xa75d62]
V  [libjvm.so+0xa7afc7]
V  [libjvm.so+0xa78677]
V  [libjvm.so+0xa79af6]
V  [libjvm.so+0xa79ff1]
V  [libjvm.so+0x8bf292]

VM_Operation (0x00007f7badd49dc0): ParallelGCFailedAllocation, mode: safepoint, requested by thread 0x00007f7ba400b000


---------------  P R O C E S S  ---------------

Java Threads: ( => current thread )
  0x00007f7ba4599000 JavaThread "process reaper" daemon [_thread_blocked, id=4482, stack(0x00007f7b9401b000,0x00007f7b94054000)]
  0x00007f7ba40b9800 JavaThread "Service Thread" daemon [_thread_blocked, id=4479, stack(0x00007f7b9435a000,0x00007f7b9445b000)]
  0x00007f7ba40b7000 JavaThread "C1 CompilerThread1" daemon [_thread_blocked, id=4478, stack(0x00007f7b9445c000,0x00007f7b9455c000)]
  0x00007f7ba40b4000 JavaThread "C2 CompilerThread0" daemon [_thread_blocked, id=4477, stack(0x00007f7b9455d000,0x00007f7b9465d000)]
  0x00007f7ba40b2800 JavaThread "Signal Dispatcher" daemon [_thread_blocked, id=4476, stack(0x00007f7b9465d000,0x00007f7b9475e000)]
  0x00007f7ba4080800 JavaThread "Finalizer" daemon [_thread_blocked, id=4475, stack(0x00007f7b948f9000,0x00007f7b949fa000)]
  0x00007f7ba407e000 JavaThread "Reference Handler" daemon [_thread_blocked, id=4474, stack(0x00007f7b949fa000,0x00007f7b94afb000)]
  0x00007f7ba400b000 JavaThread "main" [_thread_blocked, id=4470, stack(0x00007f7badc4d000,0x00007f7badd4d000)]

Other Threads:
=>0x00007f7ba4074000 VMThread [stack: 0x00007f7b94afc000,0x00007f7b94bfc000] [id=4473]
  0x00007f7ba40bc000 WatcherThread [stack: 0x00007f7b9425a000,0x00007f7b9435a000] [id=4480]

VM state:at safepoint (normal execution)

VM Mutex/Monitor currently owned by a thread:  ([mutex/lock_event])
[0x00007f7ba4007190] Threads_lock - owner thread: 0x00007f7ba4074000
[0x00007f7ba4007690] Heap_lock - owner thread: 0x00007f7ba400b000

Heap:
 PSYoungGen      total 36352K, used 4058K [0x00000000f6900000, 0x00000000f9100000, 0x0000000100000000)
  eden space 32256K, 0% used [0x00000000f6900000,0x00000000f6900000,0x00000000f8880000)
  from space 4096K, 99% used [0x00000000f8880000,0x00000000f8c76bf0,0x00000000f8c80000)
  to   space 3584K, 0% used [0x00000000f8c80000,0x00000000f8c80000,0x00000000f9000000)
 ParOldGen       total 20480K, used 6211K [0x00000000e3a00000, 0x00000000e4e00000, 0x00000000f6900000)
  object space 20480K, 30% used [0x00000000e3a00000,0x00000000e4010c28,0x00000000e4e00000)
 Metaspace       used 13338K, capacity 13636K, committed 13696K, reserved 1060864K
  class space    used 1581K, capacity 1661K, committed 1664K, reserved 1048576K

Card table byte_map: [0x00007f7baa245000,0x00007f7baa329000] byte_map_base: 0x00007f7ba9b28000

Marking Bits: (ParMarkBitMap*) 0x00007f7bacf453a0
 Begin Bits: [0x00007f7ba9213000, 0x00007f7ba992b000)
 End Bits:   [0x00007f7ba992b000, 0x00007f7baa043000)

Polling page: 0x00007f7badd6b000

CodeCache: size=245760Kb used=5893Kb max_used=5893Kb free=239866Kb
 bounds [0x00007f7b95000000, 0x00007f7b955d0000, 0x00007f7ba4000000]
 total_blobs=2069 nmethods=1738 adapters=246
 compilation: enabled

Compilation events (10 events):
Event: 5.747 Thread 0x00007f7ba40b7000 1756       2       java.lang.StringBuilder::<init> (6 bytes)
Event: 5.747 Thread 0x00007f7ba40b7000 nmethod 1756 0x00007f7b955bca90 code [0x00007f7b955bcc00, 0x00007f7b955bcdf0]
Event: 5.747 Thread 0x00007f7ba40b7000 1758       1       org.apache.maven.model.Parent::getGroupId (5 bytes)
Event: 5.747 Thread 0x00007f7ba40b7000 nmethod 1758 0x00007f7b955bce90 code [0x00007f7b955bcfe0, 0x00007f7b955bd0f0]
Event: 5.747 Thread 0x00007f7ba40b7000 1755       2       java.io.BufferedReader::readLine (6 bytes)
Event: 5.747 Thread 0x00007f7ba40b7000 nmethod 1755 0x00007f7b955bd150 code [0x00007f7b955bd2c0, 0x00007f7b955bd428]
Event: 5.756 Thread 0x00007f7ba40b7000 1760       2       java.util.HashMap::keySet (25 bytes)
Event: 5.757 Thread 0x00007f7ba40b7000 nmethod 1760 0x00007f7b955bd4d0 code [0x00007f7b955bd640, 0x00007f7b955bd810]
Event: 5.785 Thread 0x00007f7ba40b7000 1762       3       org.codehaus.plexus.util.xml.pull.MXParser::nextImpl (1190 bytes)
Event: 5.800 Thread 0x00007f7ba40b7000 nmethod 1762 0x00007f7b955bd890 code [0x00007f7b955bde60, 0x00007f7b955c1da8]

GC Heap History (10 events):
Event: 1.019 GC heap after
Heap after GC invocations=2 (full 0):
 PSYoungGen      total 9216K, used 1024K [0x00000000f6900000, 0x00000000f7b00000, 0x0000000100000000)
  eden space 8192K, 0% used [0x00000000f6900000,0x00000000f6900000,0x00000000f7100000)
  from space 1024K, 100% used [0x00000000f7200000,0x00000000f7300000,0x00000000f7300000)
  to   space 1024K, 0% used [0x00000000f7100000,0x00000000f7100000,0x00000000f7200000)
 ParOldGen       total 20480K, used 2164K [0x00000000e3a00000, 0x00000000e4e00000, 0x00000000f6900000)
  object space 20480K, 10% used [0x00000000e3a00000,0x00000000e3c1d298,0x00000000e4e00000)
 Metaspace       used 6728K, capacity 6876K, committed 7040K, reserved 1056768K
  class space    used 803K, capacity 888K, committed 896K, reserved 1048576K
}
Event: 1.132 GC heap before
{Heap before GC invocations=3 (full 0):
 PSYoungGen      total 9216K, used 9216K [0x00000000f6900000, 0x00000000f7b00000, 0x0000000100000000)
  eden space 8192K, 100% used [0x00000000f6900000,0x00000000f7100000,0x00000000f7100000)
  from space 1024K, 100% used [0x00000000f7200000,0x00000000f7300000,0x00000000f7300000)
  to   space 1024K, 0% used [0x00000000f7100000,0x00000000f7100000,0x00000000f7200000)
 ParOldGen       total 20480K, used 2164K [0x00000000e3a00000, 0x00000000e4e00000, 0x00000000f6900000)
  object space 20480K, 10% used [0x00000000e3a00000,0x00000000e3c1d298,0x00000000e4e00000)
 Metaspace       used 6938K, capacity 7100K, committed 7424K, reserved 1056768K
  class space    used 837K, capacity 920K, committed 1024K, reserved 1048576K
Event: 1.135 GC heap after
Heap after GC invocations=3 (full 0):
 PSYoungGen      total 9216K, used 992K [0x00000000f6900000, 0x00000000f7b00000, 0x0000000100000000)
  eden space 8192K, 0% used [0x00000000f6900000,0x00000000f6900000,0x00000000f7100000)
  from space 1024K, 96% used [0x00000000f7100000,0x00000000f71f8040,0x00000000f7200000)
  to   space 1024K, 0% used [0x00000000f7a00000,0x00000000f7a00000,0x00000000f7b00000)
 ParOldGen       total 20480K, used 2593K [0x00000000e3a00000, 0x00000000e4e00000, 0x00000000f6900000)
  object space 20480K, 12% used [0x00000000e3a00000,0x00000000e3c884e0,0x00000000e4e00000)
 Metaspace       used 6938K, capacity 7100K, committed 7424K, reserved 1056768K
  class space    used 837K, capacity 920K, committed 1024K, reserved 1048576K
}
Event: 1.328 GC heap before
{Heap before GC invocations=4 (full 0):
 PSYoungGen      total 9216K, used 9184K [0x00000000f6900000, 0x00000000f7b00000, 0x0000000100000000)
  eden space 8192K, 100% used [0x00000000f6900000,0x00000000f7100000,0x00000000f7100000)
  from space 1024K, 96% used [0x00000000f7100000,0x00000000f71f8040,0x00000000f7200000)
  to   space 1024K, 0% used [0x00000000f7a00000,0x00000000f7a00000,0x00000000f7b00000)
 ParOldGen       total 20480K, used 2593K [0x00000000e3a00000, 0x00000000e4e00000, 0x00000000f6900000)
  object space 20480K, 12% used [0x00000000e3a00000,0x00000000e3c884e0,0x00000000e4e00000)
 Metaspace       used 7594K, capacity 7746K, committed 7936K, reserved 1056768K
  class space    used 927K, capacity 985K, committed 1024K, reserved 1048576K
Event: 1.331 GC heap after
Heap after GC invocations=4 (full 0):
 PSYoungGen      total 17408K, used 1008K [0x00000000f6900000, 0x00000000f7b00000, 0x0000000100000000)
  eden space 16384K, 0% used [0x00000000f6900000,0x00000000f6900000,0x00000000f7900000)
  from space 1024K, 98% used [0x00000000f7a00000,0x00000000f7afc010,0x00000000f7b00000)
  to   space 1024K, 0% used [0x00000000f7900000,0x00000000f7900000,0x00000000f7a00000)
 ParOldGen       total 20480K, used 3275K [0x00000000e3a00000, 0x00000000e4e00000, 0x00000000f6900000)
  object space 20480K, 15% used [0x00000000e3a00000,0x00000000e3d32e10,0x00000000e4e00000)
 Metaspace       used 7594K, capacity 7746K, committed 7936K, reserved 1056768K
  class space    used 927K, capacity 985K, committed 1024K, reserved 1048576K
}
Event: 1.689 GC heap before
{Heap before GC invocations=5 (full 0):
 PSYoungGen      total 17408K, used 17392K [0x00000000f6900000, 0x00000000f7b00000, 0x0000000100000000)
  eden space 16384K, 100% used [0x00000000f6900000,0x00000000f7900000,0x00000000f7900000)
  from space 1024K, 98% used [0x00000000f7a00000,0x00000000f7afc010,0x00000000f7b00000)
  to   space 1024K, 0% used [0x00000000f7900000,0x00000000f7900000,0x00000000f7a00000)
 ParOldGen       total 20480K, used 3275K [0x00000000e3a00000, 0x00000000e4e00000, 0x00000000f6900000)
  object space 20480K, 15% used [0x00000000e3a00000,0x00000000e3d32e10,0x00000000e4e00000)
 Metaspace       used 9493K, capacity 9628K, committed 9728K, reserved 1058816K
  class space    used 1191K, capacity 1245K, committed 1280K, reserved 1048576K
Event: 1.694 GC heap after
Heap after GC invocations=5 (full 0):
 PSYoungGen      total 17408K, used 1008K [0x00000000f6900000, 0x00000000f9000000, 0x0000000100000000)
  eden space 16384K, 0% used [0x00000000f6900000,0x00000000f6900000,0x00000000f7900000)
  from space 1024K, 98% used [0x00000000f7900000,0x00000000f79fc010,0x00000000f7a00000)
  to   space 3584K, 0% used [0x00000000f8c80000,0x00000000f8c80000,0x00000000f9000000)
 ParOldGen       total 20480K, used 5589K [0x00000000e3a00000, 0x00000000e4e00000, 0x00000000f6900000)
  object space 20480K, 27% used [0x00000000e3a00000,0x00000000e3f75710,0x00000000e4e00000)
 Metaspace       used 9493K, capacity 9628K, committed 9728K, reserved 1058816K
  class space    used 1191K, capacity 1245K, committed 1280K, reserved 1048576K
}
Event: 2.225 GC heap before
{Heap before GC invocations=6 (full 0):
 PSYoungGen      total 17408K, used 17392K [0x00000000f6900000, 0x00000000f9000000, 0x0000000100000000)
  eden space 16384K, 100% used [0x00000000f6900000,0x00000000f7900000,0x00000000f7900000)
  from space 1024K, 98% used [0x00000000f7900000,0x00000000f79fc010,0x00000000f7a00000)
  to   space 3584K, 0% used [0x00000000f8c80000,0x00000000f8c80000,0x00000000f9000000)
 ParOldGen       total 20480K, used 5589K [0x00000000e3a00000, 0x00000000e4e00000, 0x00000000f6900000)
  object space 20480K, 27% used [0x00000000e3a00000,0x00000000e3f75710,0x00000000e4e00000)
 Metaspace       used 12417K, capacity 12706K, committed 12928K, reserved 1060864K
  class space    used 1498K, capacity 1588K, committed 1664K, reserved 1048576K
Event: 2.252 GC heap after
Heap after GC invocations=6 (full 0):
 PSYoungGen      total 35840K, used 3577K [0x00000000f6900000, 0x00000000f9100000, 0x0000000100000000)
  eden space 32256K, 0% used [0x00000000f6900000,0x00000000f6900000,0x00000000f8880000)
  from space 3584K, 99% used [0x00000000f8c80000,0x00000000f8ffe418,0x00000000f9000000)
  to   space 4096K, 0% used [0x00000000f8880000,0x00000000f8880000,0x00000000f8c80000)
 ParOldGen       total 20480K, used 5818K [0x00000000e3a00000, 0x00000000e4e00000, 0x00000000f6900000)
  object space 20480K, 28% used [0x00000000e3a00000,0x00000000e3faebd8,0x00000000e4e00000)
 Metaspace       used 12417K, capacity 12706K, committed 12928K, reserved 1060864K
  class space    used 1498K, capacity 1588K, committed 1664K, reserved 1048576K
}
Event: 5.805 GC heap before
{Heap before GC invocations=7 (full 0):
 PSYoungGen      total 35840K, used 35833K [0x00000000f6900000, 0x00000000f9100000, 0x0000000100000000)
  eden space 32256K, 100% used [0x00000000f6900000,0x00000000f8880000,0x00000000f8880000)
  from space 3584K, 99% used [0x00000000f8c80000,0x00000000f8ffe418,0x00000000f9000000)
  to   space 4096K, 0% used [0x00000000f8880000,0x00000000f8880000,0x00000000f8c80000)
 ParOldGen       total 20480K, used 5818K [0x00000000e3a00000, 0x00000000e4e00000, 0x00000000f6900000)
  object space 20480K, 28% used [0x00000000e3a00000,0x00000000e3faebd8,0x00000000e4e00000)
 Metaspace       used 13338K, capacity 13636K, committed 13696K, reserved 1060864K
  class space    used 1581K, capacity 1661K, committed 1664K, reserved 1048576K

Deoptimization events (10 events):
Event: 1.898 Thread 0x00007f7ba400b000 Uncommon trap: reason=unstable_if action=reinterpret pc=0x00007f7b95273e98 method=org.codehaus.plexus.util.xml.pull.MXParser.nextImpl()I @ 269
Event: 2.581 Thread 0x00007f7ba400b000 Uncommon trap: reason=unstable_if action=reinterpret pc=0x00007f7b9546fae8 method=org.codehaus.plexus.util.xml.pull.MXParser.nextImpl()I @ 867
Event: 2.670 Thread 0x00007f7ba400b000 Uncommon trap: reason=null_check action=make_not_entrant pc=0x00007f7b954c6420 method=org.apache.maven.model.io.xpp3.MavenXpp3ReaderEx.checkFieldWithDuplicate(Lorg/codehaus/plexus/util/xml/pull/XmlPullParser;Ljava/lang/String;Ljava/lang/String;Ljava/util/
Event: 2.681 Thread 0x00007f7ba400b000 Uncommon trap: reason=unstable_if action=reinterpret pc=0x00007f7b95455cdc method=org.codehaus.plexus.util.xml.pull.MXParser.isS(C)Z @ 21
Event: 2.698 Thread 0x00007f7ba400b000 Uncommon trap: reason=unstable_if action=reinterpret pc=0x00007f7b951fe75c method=sun.nio.cs.UTF_8$Decoder.decode([BII[C)I @ 30
Event: 2.698 Thread 0x00007f7ba400b000 Uncommon trap: reason=unstable_if action=reinterpret pc=0x00007f7b9527add8 method=sun.nio.cs.UTF_8$Decoder.decodeArrayLoop(Ljava/nio/ByteBuffer;Ljava/nio/CharBuffer;)Ljava/nio/charset/CoderResult; @ 84
Event: 3.316 Thread 0x00007f7ba400b000 Uncommon trap: reason=unstable_if action=reinterpret pc=0x00007f7b9555f2f4 method=org.codehaus.plexus.util.xml.pull.MXParser.nextImpl()I @ 1149
Event: 4.153 Thread 0x00007f7ba400b000 Uncommon trap: reason=unstable_if action=reinterpret pc=0x00007f7b953bd728 method=java.util.HashMap.hash(Ljava/lang/Object;)I @ 1
Event: 4.202 Thread 0x00007f7ba400b000 Uncommon trap: reason=unstable_if action=reinterpret pc=0x00007f7b952e2aa8 method=java.util.HashMap.hash(Ljava/lang/Object;)I @ 1
Event: 5.784 Thread 0x00007f7ba400b000 Uncommon trap: reason=unstable_if action=reinterpret pc=0x00007f7b955ae6cc method=org.codehaus.plexus.util.xml.pull.MXParser.nextImpl()I @ 960

Classes redefined (0 events):
No events

Internal exceptions (10 events):
Event: 1.173 Thread 0x00007f7ba400b000 Exception <a 'java/lang/ArrayIndexOutOfBoundsException'> (0x00000000f6cf01a8) thrown at [/build/openjdk-8-8u181-b13/src/hotspot/src/share/vm/runtime/sharedRuntime.cpp, line 605]
Event: 1.173 Thread 0x00007f7ba400b000 Exception <a 'java/lang/ArrayIndexOutOfBoundsException'> (0x00000000f6cf1e50) thrown at [/build/openjdk-8-8u181-b13/src/hotspot/src/share/vm/runtime/sharedRuntime.cpp, line 605]
Event: 1.352 Thread 0x00007f7ba400b000 Exception <a 'java/lang/NoClassDefFoundError': org/slf4j/Logger> (0x00000000f69d7cc8) thrown at [/build/openjdk-8-8u181-b13/src/hotspot/src/share/vm/classfile/systemDictionary.cpp, line 199]
Event: 1.423 Thread 0x00007f7ba400b000 Exception <a 'java/lang/NoClassDefFoundError': org/slf4j/LoggerFactory> (0x00000000f6c5cfc8) thrown at [/build/openjdk-8-8u181-b13/src/hotspot/src/share/vm/classfile/systemDictionary.cpp, line 199]
Event: 1.423 Thread 0x00007f7ba400b000 Exception <a 'java/lang/NoClassDefFoundError'> (0x00000000f6c5cfc8) thrown at [/build/openjdk-8-8u181-b13/src/hotspot/src/share/vm/oops/instanceKlass.cpp, line 959]
Event: 1.978 Thread 0x00007f7ba400b000 Exception <a 'java/lang/NoSuchFieldError': method resolution failed> (0x00000000f732c5c0) thrown at [/build/openjdk-8-8u181-b13/src/hotspot/src/share/vm/prims/methodHandles.cpp, line 1167]
Event: 1.995 Thread 0x00007f7ba400b000 Exception <a 'java/lang/NoSuchFieldError': method resolution failed> (0x00000000f7339cf0) thrown at [/build/openjdk-8-8u181-b13/src/hotspot/src/share/vm/prims/methodHandles.cpp, line 1167]
Event: 2.670 Thread 0x00007f7ba400b000 Implicit null exception at 0x00007f7b954c60fc to 0x00007f7b954c6409
Event: 4.129 Thread 0x00007f7ba400b000 Implicit null exception at 0x00007f7b953bd535 to 0x00007f7b953bd719
Event: 4.202 Thread 0x00007f7ba400b000 Implicit null exception at 0x00007f7b952e2a2f to 0x00007f7b952e2a99

Events (10 events):
Event: 4.202 Thread 0x00007f7ba400b000 DEOPT PACKING pc=0x00007f7b952e2aa8 sp=0x00007f7badd4a860
Event: 4.202 Thread 0x00007f7ba400b000 DEOPT UNPACKING pc=0x00007f7b9504547a sp=0x00007f7badd4a820 mode 2
Event: 4.263 Executing VM operation: EnableBiasedLocking
Event: 4.303 Executing VM operation: EnableBiasedLocking done
Event: 4.407 Thread 0x00007f7ba400b000 DEOPT PACKING pc=0x00007f7b954f271a sp=0x00007f7badd49990
Event: 4.445 Thread 0x00007f7ba400b000 DEOPT UNPACKING pc=0x00007f7b950470c4 sp=0x00007f7badd49830 mode 0
Event: 5.779 Thread 0x00007f7ba400b000 Uncommon trap: trap_request=0xffffff65 fr.pc=0x00007f7b955ae6cc
Event: 5.784 Thread 0x00007f7ba400b000 DEOPT PACKING pc=0x00007f7b955ae6cc sp=0x00007f7badd4a390
Event: 5.784 Thread 0x00007f7ba400b000 DEOPT UNPACKING pc=0x00007f7b9504547a sp=0x00007f7badd4a320 mode 2
Event: 5.803 Executing VM operation: ParallelGCFailedAllocation


Dynamic libraries:
e3a00000-e4e00000 rw-p 00000000 00:00 0 
e4e00000-f6900000 ---p 00000000 00:00 0 
f6900000-f9100000 rw-p 00000000 00:00 0 
fb100000-100000000 ---p 00000000 00:00 0 
100000000-1001a0000 rw-p 00000000 00:00 0 
1001a0000-140000000 ---p 00000000 00:00 0 
55b958fa2000-55b958fa3000 r-xp 00000000 08:02 868936                     /usr/lib/jvm/java-8-openjdk-amd64/jre/bin/java
55b9591a2000-55b9591a3000 r--p 00000000 08:02 868936                     /usr/lib/jvm/java-8-openjdk-amd64/jre/bin/java
55b9591a3000-55b9591a4000 rw-p 00001000 08:02 868936                     /usr/lib/jvm/java-8-openjdk-amd64/jre/bin/java
55b95960a000-55b95962b000 rw-p 00000000 00:00 0                          [heap]
7f7b60000000-7f7b60021000 rw-p 00000000 00:00 0 
7f7b60021000-7f7b64000000 ---p 00000000 00:00 0 
7f7b68000000-7f7b68021000 rw-p 00000000 00:00 0 
7f7b68021000-7f7b6c000000 ---p 00000000 00:00 0 
7f7b6c000000-7f7b6c021000 rw-p 00000000 00:00 0 
7f7b6c021000-7f7b70000000 ---p 00000000 00:00 0 
7f7b70000000-7f7b70506000 rw-p 00000000 00:00 0 
7f7b70506000-7f7b74000000 ---p 00000000 00:00 0 
7f7b74000000-7f7b74572000 rw-p 00000000 00:00 0 
7f7b74572000-7f7b78000000 ---p 00000000 00:00 0 
7f7b78000000-7f7b78021000 rw-p 00000000 00:00 0 
7f7b78021000-7f7b7c000000 ---p 00000000 00:00 0 
7f7b7c000000-7f7b7c021000 rw-p 00000000 00:00 0 
7f7b7c021000-7f7b80000000 ---p 00000000 00:00 0 
7f7b80000000-7f7b80021000 rw-p 00000000 00:00 0 
7f7b80021000-7f7b84000000 ---p 00000000 00:00 0 
7f7b84000000-7f7b84021000 rw-p 00000000 00:00 0 
7f7b84021000-7f7b88000000 ---p 00000000 00:00 0 
7f7b88000000-7f7b88021000 rw-p 00000000 00:00 0 
7f7b88021000-7f7b8c000000 ---p 00000000 00:00 0 
7f7b8f9d5000-7f7b8f9e6000 r-xp 00000000 08:02 868975                     /usr/lib/jvm/java-8-openjdk-amd64/jre/lib/amd64/libnio.so
7f7b8f9e6000-7f7b8fbe6000 ---p 00011000 08:02 868975                     /usr/lib/jvm/java-8-openjdk-amd64/jre/lib/amd64/libnio.so
7f7b8fbe6000-7f7b8fbe7000 r--p 00011000 08:02 868975                     /usr/lib/jvm/java-8-openjdk-amd64/jre/lib/amd64/libnio.so
7f7b8fbe7000-7f7b8fbe8000 rw-p 00012000 08:02 868975                     /usr/lib/jvm/java-8-openjdk-amd64/jre/lib/amd64/libnio.so
7f7b8fbe8000-7f7b8fbff000 r-xp 00000000 08:02 868974                     /usr/lib/jvm/java-8-openjdk-amd64/jre/lib/amd64/libnet.so
7f7b8fbff000-7f7b8fdfe000 ---p 00017000 08:02 868974                     /usr/lib/jvm/java-8-openjdk-amd64/jre/lib/amd64/libnet.so
7f7b8fdfe000-7f7b8fdff000 r--p 00016000 08:02 868974                     /usr/lib/jvm/java-8-openjdk-amd64/jre/lib/amd64/libnet.so
7f7b8fdff000-7f7b8fe00000 rw-p 00017000 08:02 868974                     /usr/lib/jvm/java-8-openjdk-amd64/jre/lib/amd64/libnet.so
7f7b8fe00000-7f7b8ffc0000 rw-p 00000000 00:00 0 
7f7b8ffc0000-7f7b90000000 ---p 00000000 00:00 0 
7f7b90000000-7f7b90021000 rw-p 00000000 00:00 0 
7f7b90021000-7f7b94000000 ---p 00000000 00:00 0 
7f7b9401b000-7f7b9401e000 ---p 00000000 00:00 0 
7f7b9401e000-7f7b94054000 rw-p 00000000 00:00 0 
7f7b94054000-7f7b94059000 r--s 0009d000 08:02 869019                     /usr/lib/jvm/java-8-openjdk-amd64/jre/lib/jsse.jar
7f7b94059000-7f7b94259000 rw-p 00000000 00:00 0 
7f7b94259000-7f7b9425a000 ---p 00000000 00:00 0 
7f7b9425a000-7f7b9435a000 rw-p 00000000 00:00 0 
7f7b9435a000-7f7b9435d000 ---p 00000000 00:00 0 
7f7b9435d000-7f7b9445b000 rw-p 00000000 00:00 0 
7f7b9445b000-7f7b9445c000 ---p 00000000 00:00 0 
7f7b9445c000-7f7b9445f000 ---p 00000000 00:00 0 
7f7b9445f000-7f7b9455c000 rw-p 00000000 00:00 0 
7f7b9455c000-7f7b9455d000 ---p 00000000 00:00 0 
7f7b9455d000-7f7b94560000 ---p 00000000 00:00 0 
7f7b94560000-7f7b9465d000 rw-p 00000000 00:00 0 
7f7b9465d000-7f7b94660000 ---p 00000000 00:00 0 
7f7b94660000-7f7b9475e000 rw-p 00000000 00:00 0 
7f7b9475e000-7f7b948f9000 r--p 00000000 08:02 730331                     /usr/lib/locale/locale-archive
7f7b948f9000-7f7b948fc000 ---p 00000000 00:00 0 
7f7b948fc000-7f7b949fa000 rw-p 00000000 00:00 0 
7f7b949fa000-7f7b949fd000 ---p 00000000 00:00 0 
7f7b949fd000-7f7b94afb000 rw-p 00000000 00:00 0 
7f7b94afb000-7f7b94afc000 ---p 00000000 00:00 0 
7f7b94afc000-7f7b95000000 rw-p 00000000 00:00 0 
7f7b95000000-7f7b955d0000 rwxp 00000000 00:00 0 
7f7b955d0000-7f7ba4000000 ---p 00000000 00:00 0 
7f7ba4000000-7f7ba75ff000 rw-p 00000000 00:00 0 
7f7ba75ff000-7f7ba8000000 ---p 00000000 00:00 0 
7f7ba8000000-7f7ba8002000 r--s 0000d000 08:06 4326730                    /home/akr/.m2/repository/org/apache/maven/plugins/maven-compiler-plugin/3.7.0/maven-compiler-plugin-3.7.0.jar
7f7ba8002000-7f7ba8003000 r--p 00000000 00:00 0 
7f7ba8003000-7f7ba8005000 r--s 0000d000 08:06 267283                     /home/common/apps/netbeans_8.2_akrSized_359MB/java/maven-nblib/netbeans-eventspy.jar
7f7ba8005000-7f7ba8007000 r--s 0000d000 08:06 267111                     /home/common/apps/netbeans_8.2_akrSized_359MB/java/maven/lib/plexus-interpolation-1.14.jar
7f7ba8007000-7f7ba800b000 r--s 00033000 08:06 267113                     /home/common/apps/netbeans_8.2_akrSized_359MB/java/maven/lib/plexus-utils-2.0.6.jar
7f7ba800b000-7f7ba800e000 r--s 0001d000 08:06 267094                     /home/common/apps/netbeans_8.2_akrSized_359MB/java/maven/lib/aether-impl-1.13.1.jar
7f7ba800e000-7f7ba800f000 r--s 00002000 08:06 267118                     /home/common/apps/netbeans_8.2_akrSized_359MB/java/maven/lib/wagon-file-2.10.jar
7f7ba800f000-7f7ba8011000 r--s 0000a000 08:06 267107                     /home/common/apps/netbeans_8.2_akrSized_359MB/java/maven/lib/maven-settings-3.0.5.jar
7f7ba8011000-7f7ba8013000 r--s 0000c000 08:06 267098                     /home/common/apps/netbeans_8.2_akrSized_359MB/java/maven/lib/maven-aether-provider-3.0.5.jar
7f7ba8013000-7f7ba8017000 r--s 00021000 08:06 267104                     /home/common/apps/netbeans_8.2_akrSized_359MB/java/maven/lib/maven-model-builder-3.0.5.jar
7f7ba8017000-7f7ba8019000 r--s 00026000 08:06 267103                     /home/common/apps/netbeans_8.2_akrSized_359MB/java/maven/lib/maven-model-3.0.5.jar
7f7ba8019000-7f7ba801b000 r--s 00006000 08:06 267106                     /home/common/apps/netbeans_8.2_akrSized_359MB/java/maven/lib/maven-repository-metadata-3.0.5.jar
7f7ba801b000-7f7ba8027000 r--s 0007d000 08:06 267101                     /home/common/apps/netbeans_8.2_akrSized_359MB/java/maven/lib/maven-core-3.0.5.jar
7f7ba8027000-7f7ba8046000 r--s 00152000 08:06 267114                     /home/common/apps/netbeans_8.2_akrSized_359MB/java/maven/lib/sisu-guava-0.9.9.jar
7f7ba8046000-7f7ba8049000 r--s 00013000 08:06 267092                     /home/common/apps/netbeans_8.2_akrSized_359MB/java/maven/lib/aether-api-1.13.1.jar
7f7ba8049000-7f7ba804a000 r--s 00006000 08:06 267112                     /home/common/apps/netbeans_8.2_akrSized_359MB/java/maven/lib/plexus-sec-dispatcher-1.3.jar
7f7ba804a000-7f7ba804c000 r--s 00000000 08:06 267110                     /home/common/apps/netbeans_8.2_akrSized_359MB/java/maven/lib/plexus-component-annotations-1.5.5.jar
7f7ba804c000-7f7ba804e000 r--s 00006000 08:06 267093                     /home/common/apps/netbeans_8.2_akrSized_359MB/java/maven/lib/aether-connector-wagon-1.13.1.jar
7f7ba804e000-7f7ba8050000 r--s 0000b000 08:06 267099                     /home/common/apps/netbeans_8.2_akrSized_359MB/java/maven/lib/maven-artifact-3.0.5.jar
7f7ba8050000-7f7ba807e000 r--s 001fa000 08:06 267119                     /home/common/apps/netbeans_8.2_akrSized_359MB/java/maven/lib/wagon-http-2.10-shaded.jar
7f7ba807e000-7f7ba8082000 r--s 0001c000 08:06 267096                     /home/common/apps/netbeans_8.2_akrSized_359MB/java/maven/lib/aether-util-1.13.1.jar
7f7ba8082000-7f7ba8083000 r--s 0000a000 08:06 267102                     /home/common/apps/netbeans_8.2_akrSized_359MB/java/maven/lib/maven-embedder-3.0.5.jar
7f7ba8083000-7f7ba8086000 r--s 00008000 08:06 267108                     /home/common/apps/netbeans_8.2_akrSized_359MB/java/maven/lib/maven-settings-builder-3.0.5.jar
7f7ba8086000-7f7ba8088000 r--s 00009000 08:06 267097                     /home/common/apps/netbeans_8.2_akrSized_359MB/java/maven/lib/commons-cli-1.2.jar
7f7ba8088000-7f7ba808a000 r--s 00002000 08:06 267109                     /home/common/apps/netbeans_8.2_akrSized_359MB/java/maven/lib/plexus-cipher-1.7.jar
7f7ba808a000-7f7ba808c000 r--s 0000b000 08:06 267105                     /home/common/apps/netbeans_8.2_akrSized_359MB/java/maven/lib/maven-plugin-api-3.0.5.jar
7f7ba808c000-7f7ba8094000 r--s 00050000 08:06 267115                     /home/common/apps/netbeans_8.2_akrSized_359MB/java/maven/lib/sisu-guice-3.1.0-no_aop.jar
7f7ba8094000-7f7ba8095000 r--s 00002000 08:06 267120                     /home/common/apps/netbeans_8.2_akrSized_359MB/java/maven/lib/wagon-http-shared-2.10.jar
7f7ba8095000-7f7ba8098000 r--s 0000b000 08:06 267121                     /home/common/apps/netbeans_8.2_akrSized_359MB/java/maven/lib/wagon-provider-api-2.10.jar
7f7ba8098000-7f7ba809e000 r--s 0002c000 08:06 267117                     /home/common/apps/netbeans_8.2_akrSized_359MB/java/maven/lib/sisu-inject-plexus-2.3.0.jar
7f7ba809e000-7f7ba80a5000 r--s 00040000 08:06 267116                     /home/common/apps/netbeans_8.2_akrSized_359MB/java/maven/lib/sisu-inject-bean-2.3.0.jar
7f7ba80a5000-7f7ba80a6000 r--s 00003000 08:06 267095                     /home/common/apps/netbeans_8.2_akrSized_359MB/java/maven/lib/aether-spi-1.13.1.jar
7f7ba80a6000-7f7ba80ac000 r--s 0003f000 08:06 267100                     /home/common/apps/netbeans_8.2_akrSized_359MB/java/maven/lib/maven-compat-3.0.5.jar
7f7ba80ac000-7f7ba80ae000 r--s 0000a000 08:06 267086                     /home/common/apps/netbeans_8.2_akrSized_359MB/java/maven/boot/plexus-classworlds-2.4.jar
7f7ba80ae000-7f7ba80b1000 r--s 0000f000 08:02 868998                     /usr/lib/jvm/java-8-openjdk-amd64/jre/lib/ext/icedtea-sound.jar
7f7ba80b1000-7f7ba80b3000 r--s 00008000 08:02 869002                     /usr/lib/jvm/java-8-openjdk-amd64/jre/lib/ext/sunec.jar
7f7ba80b3000-7f7ba80b6000 r--s 00038000 08:02 869004                     /usr/lib/jvm/java-8-openjdk-amd64/jre/lib/ext/sunpkcs11.jar
7f7ba80b6000-7f7ba80bc000 r--s 0003b000 08:02 869003                     /usr/lib/jvm/java-8-openjdk-amd64/jre/lib/ext/sunjce_provider.jar
7f7ba80bc000-7f7ba80d7000 r--s 001d6000 08:02 869001                     /usr/lib/jvm/java-8-openjdk-amd64/jre/lib/ext/nashorn.jar
7f7ba80d7000-7f7ba80d8000 r--s 00010000 08:02 869005                     /usr/lib/jvm/java-8-openjdk-amd64/jre/lib/ext/zipfs.jar
7f7ba80d8000-7f7ba80da000 r--s 00007000 08:02 789146                     /usr/share/java/java-atk-wrapper.jar
7f7ba80da000-7f7ba8690000 rw-p 00000000 00:00 0 
7f7ba8690000-7f7ba885f000 r--s 03c33000 08:02 869025                     /usr/lib/jvm/java-8-openjdk-amd64/jre/lib/rt.jar
7f7ba885f000-7f7ba8930000 rw-p 00000000 00:00 0 
7f7ba8930000-7f7baa043000 rw-p 00000000 00:00 0 
7f7baa043000-7f7baa044000 ---p 00000000 00:00 0 
7f7baa044000-7f7baa144000 rw-p 00000000 00:00 0 
7f7baa144000-7f7baa145000 ---p 00000000 00:00 0 
7f7baa145000-7f7baa245000 rw-p 00000000 00:00 0 
7f7baa245000-7f7baa24f000 rw-p 00000000 00:00 0 
7f7baa24f000-7f7baa2dc000 ---p 00000000 00:00 0 
7f7baa2dc000-7f7baa2f1000 rw-p 00000000 00:00 0 
7f7baa2f1000-7f7baa328000 ---p 00000000 00:00 0 
7f7baa328000-7f7baa341000 rw-p 00000000 00:00 0 
7f7baa341000-7f7baa6e9000 ---p 00000000 00:00 0 
7f7baa6e9000-7f7baa6f1000 r-xp 00000000 08:02 868982                     /usr/lib/jvm/java-8-openjdk-amd64/jre/lib/amd64/libzip.so
7f7baa6f1000-7f7baa8f0000 ---p 00008000 08:02 868982                     /usr/lib/jvm/java-8-openjdk-amd64/jre/lib/amd64/libzip.so
7f7baa8f0000-7f7baa8f1000 r--p 00007000 08:02 868982                     /usr/lib/jvm/java-8-openjdk-amd64/jre/lib/amd64/libzip.so
7f7baa8f1000-7f7baa8f2000 rw-p 00008000 08:02 868982                     /usr/lib/jvm/java-8-openjdk-amd64/jre/lib/amd64/libzip.so
7f7baa8f2000-7f7baa8fc000 r-xp 00000000 08:02 1376274                    /lib/x86_64-linux-gnu/libnss_files-2.24.so
7f7baa8fc000-7f7baaafc000 ---p 0000a000 08:02 1376274                    /lib/x86_64-linux-gnu/libnss_files-2.24.so
7f7baaafc000-7f7baaafd000 r--p 0000a000 08:02 1376274                    /lib/x86_64-linux-gnu/libnss_files-2.24.so
7f7baaafd000-7f7baaafe000 rw-p 0000b000 08:02 1376274                    /lib/x86_64-linux-gnu/libnss_files-2.24.so
7f7baaafe000-7f7baab04000 rw-p 00000000 00:00 0 
7f7baab04000-7f7baab0f000 r-xp 00000000 08:02 1376276                    /lib/x86_64-linux-gnu/libnss_nis-2.24.so
7f7baab0f000-7f7baad0e000 ---p 0000b000 08:02 1376276                    /lib/x86_64-linux-gnu/libnss_nis-2.24.so
7f7baad0e000-7f7baad0f000 r--p 0000a000 08:02 1376276                    /lib/x86_64-linux-gnu/libnss_nis-2.24.so
7f7baad0f000-7f7baad10000 rw-p 0000b000 08:02 1376276                    /lib/x86_64-linux-gnu/libnss_nis-2.24.so
7f7baad10000-7f7baad24000 r-xp 00000000 08:02 1376271                    /lib/x86_64-linux-gnu/libnsl-2.24.so
7f7baad24000-7f7baaf24000 ---p 00014000 08:02 1376271                    /lib/x86_64-linux-gnu/libnsl-2.24.so
7f7baaf24000-7f7baaf25000 r--p 00014000 08:02 1376271                    /lib/x86_64-linux-gnu/libnsl-2.24.so
7f7baaf25000-7f7baaf26000 rw-p 00015000 08:02 1376271                    /lib/x86_64-linux-gnu/libnsl-2.24.so
7f7baaf26000-7f7baaf28000 rw-p 00000000 00:00 0 
7f7baaf28000-7f7baaf2f000 r-xp 00000000 08:02 1376272                    /lib/x86_64-linux-gnu/libnss_compat-2.24.so
7f7baaf2f000-7f7bab12e000 ---p 00007000 08:02 1376272                    /lib/x86_64-linux-gnu/libnss_compat-2.24.so
7f7bab12e000-7f7bab12f000 r--p 00006000 08:02 1376272                    /lib/x86_64-linux-gnu/libnss_compat-2.24.so
7f7bab12f000-7f7bab130000 rw-p 00007000 08:02 1376272                    /lib/x86_64-linux-gnu/libnss_compat-2.24.so
7f7bab130000-7f7bab15d000 r-xp 00000000 08:02 868963                     /usr/lib/jvm/java-8-openjdk-amd64/jre/lib/amd64/libjava.so
7f7bab15d000-7f7bab35d000 ---p 0002d000 08:02 868963                     /usr/lib/jvm/java-8-openjdk-amd64/jre/lib/amd64/libjava.so
7f7bab35d000-7f7bab35e000 r--p 0002d000 08:02 868963                     /usr/lib/jvm/java-8-openjdk-amd64/jre/lib/amd64/libjava.so
7f7bab35e000-7f7bab360000 rw-p 0002e000 08:02 868963                     /usr/lib/jvm/java-8-openjdk-amd64/jre/lib/amd64/libjava.so
7f7bab360000-7f7bab36f000 r-xp 00000000 08:02 868981                     /usr/lib/jvm/java-8-openjdk-amd64/jre/lib/amd64/libverify.so
7f7bab36f000-7f7bab56f000 ---p 0000f000 08:02 868981                     /usr/lib/jvm/java-8-openjdk-amd64/jre/lib/amd64/libverify.so
7f7bab56f000-7f7bab571000 r--p 0000f000 08:02 868981                     /usr/lib/jvm/java-8-openjdk-amd64/jre/lib/amd64/libverify.so
7f7bab571000-7f7bab572000 rw-p 00011000 08:02 868981                     /usr/lib/jvm/java-8-openjdk-amd64/jre/lib/amd64/libverify.so
7f7bab572000-7f7bab579000 r-xp 00000000 08:02 1376281                    /lib/x86_64-linux-gnu/librt-2.24.so
7f7bab579000-7f7bab778000 ---p 00007000 08:02 1376281                    /lib/x86_64-linux-gnu/librt-2.24.so
7f7bab778000-7f7bab779000 r--p 00006000 08:02 1376281                    /lib/x86_64-linux-gnu/librt-2.24.so
7f7bab779000-7f7bab77a000 rw-p 00007000 08:02 1376281                    /lib/x86_64-linux-gnu/librt-2.24.so
7f7bab77a000-7f7bab790000 r-xp 00000000 08:02 1376260                    /lib/x86_64-linux-gnu/libgcc_s.so.1
7f7bab790000-7f7bab98f000 ---p 00016000 08:02 1376260                    /lib/x86_64-linux-gnu/libgcc_s.so.1
7f7bab98f000-7f7bab990000 r--p 00015000 08:02 1376260                    /lib/x86_64-linux-gnu/libgcc_s.so.1
7f7bab990000-7f7bab991000 rw-p 00016000 08:02 1376260                    /lib/x86_64-linux-gnu/libgcc_s.so.1
7f7bab991000-7f7baba94000 r-xp 00000000 08:02 1376268                    /lib/x86_64-linux-gnu/libm-2.24.so
7f7baba94000-7f7babc93000 ---p 00103000 08:02 1376268                    /lib/x86_64-linux-gnu/libm-2.24.so
7f7babc93000-7f7babc94000 r--p 00102000 08:02 1376268                    /lib/x86_64-linux-gnu/libm-2.24.so
7f7babc94000-7f7babc95000 rw-p 00103000 08:02 1376268                    /lib/x86_64-linux-gnu/libm-2.24.so
7f7babc95000-7f7babe07000 r-xp 00000000 08:02 732892                     /usr/lib/x86_64-linux-gnu/libstdc++.so.6.0.22
7f7babe07000-7f7bac007000 ---p 00172000 08:02 732892                     /usr/lib/x86_64-linux-gnu/libstdc++.so.6.0.22
7f7bac007000-7f7bac011000 r--p 00172000 08:02 732892                     /usr/lib/x86_64-linux-gnu/libstdc++.so.6.0.22
7f7bac011000-7f7bac013000 rw-p 0017c000 08:02 732892                     /usr/lib/x86_64-linux-gnu/libstdc++.so.6.0.22
7f7bac013000-7f7bac017000 rw-p 00000000 00:00 0 
7f7bac017000-7f7bacc76000 r-xp 00000000 08:02 868985                     /usr/lib/jvm/java-8-openjdk-amd64/jre/lib/amd64/server/libjvm.so
7f7bacc76000-7f7bace75000 ---p 00c5f000 08:02 868985                     /usr/lib/jvm/java-8-openjdk-amd64/jre/lib/amd64/server/libjvm.so
7f7bace75000-7f7bacf09000 r--p 00c5e000 08:02 868985                     /usr/lib/jvm/java-8-openjdk-amd64/jre/lib/amd64/server/libjvm.so
7f7bacf09000-7f7bacf32000 rw-p 00cf2000 08:02 868985                     /usr/lib/jvm/java-8-openjdk-amd64/jre/lib/amd64/server/libjvm.so
7f7bacf32000-7f7bacf62000 rw-p 00000000 00:00 0 
7f7bacf62000-7f7bad0f7000 r-xp 00000000 08:02 1376264                    /lib/x86_64-linux-gnu/libc-2.24.so
7f7bad0f7000-7f7bad2f7000 ---p 00195000 08:02 1376264                    /lib/x86_64-linux-gnu/libc-2.24.so
7f7bad2f7000-7f7bad2fb000 r--p 00195000 08:02 1376264                    /lib/x86_64-linux-gnu/libc-2.24.so
7f7bad2fb000-7f7bad2fd000 rw-p 00199000 08:02 1376264                    /lib/x86_64-linux-gnu/libc-2.24.so
7f7bad2fd000-7f7bad301000 rw-p 00000000 00:00 0 
7f7bad301000-7f7bad304000 r-xp 00000000 08:02 1376267                    /lib/x86_64-linux-gnu/libdl-2.24.so
7f7bad304000-7f7bad503000 ---p 00003000 08:02 1376267                    /lib/x86_64-linux-gnu/libdl-2.24.so
7f7bad503000-7f7bad504000 r--p 00002000 08:02 1376267                    /lib/x86_64-linux-gnu/libdl-2.24.so
7f7bad504000-7f7bad505000 rw-p 00003000 08:02 1376267                    /lib/x86_64-linux-gnu/libdl-2.24.so
7f7bad505000-7f7bad512000 r-xp 00000000 08:02 868949                     /usr/lib/jvm/java-8-openjdk-amd64/jre/lib/amd64/jli/libjli.so
7f7bad512000-7f7bad712000 ---p 0000d000 08:02 868949                     /usr/lib/jvm/java-8-openjdk-amd64/jre/lib/amd64/jli/libjli.so
7f7bad712000-7f7bad713000 r--p 0000d000 08:02 868949                     /usr/lib/jvm/java-8-openjdk-amd64/jre/lib/amd64/jli/libjli.so
7f7bad713000-7f7bad714000 rw-p 0000e000 08:02 868949                     /usr/lib/jvm/java-8-openjdk-amd64/jre/lib/amd64/jli/libjli.so
7f7bad714000-7f7bad72d000 r-xp 00000000 08:02 1376346                    /lib/x86_64-linux-gnu/libz.so.1.2.8
7f7bad72d000-7f7bad92c000 ---p 00019000 08:02 1376346                    /lib/x86_64-linux-gnu/libz.so.1.2.8
7f7bad92c000-7f7bad92d000 r--p 00018000 08:02 1376346                    /lib/x86_64-linux-gnu/libz.so.1.2.8
7f7bad92d000-7f7bad92e000 rw-p 00019000 08:02 1376346                    /lib/x86_64-linux-gnu/libz.so.1.2.8
7f7bad92e000-7f7bad946000 r-xp 00000000 08:02 1376279                    /lib/x86_64-linux-gnu/libpthread-2.24.so
7f7bad946000-7f7badb45000 ---p 00018000 08:02 1376279                    /lib/x86_64-linux-gnu/libpthread-2.24.so
7f7badb45000-7f7badb46000 r--p 00017000 08:02 1376279                    /lib/x86_64-linux-gnu/libpthread-2.24.so
7f7badb46000-7f7badb47000 rw-p 00018000 08:02 1376279                    /lib/x86_64-linux-gnu/libpthread-2.24.so
7f7badb47000-7f7badb4b000 rw-p 00000000 00:00 0 
7f7badb4b000-7f7badb6e000 r-xp 00000000 08:02 1376259                    /lib/x86_64-linux-gnu/ld-2.24.so
7f7badb6e000-7f7badb6f000 r--s 0000a000 08:02 868999                     /usr/lib/jvm/java-8-openjdk-amd64/jre/lib/ext/jaccess.jar
7f7badb6f000-7f7badb71000 r--s 00001000 08:02 868997                     /usr/lib/jvm/java-8-openjdk-amd64/jre/lib/ext/dnsns.jar
7f7badb71000-7f7badb8c000 r--s 00394000 08:02 868996                     /usr/lib/jvm/java-8-openjdk-amd64/jre/lib/ext/cldrdata.jar
7f7badb8c000-7f7badbb4000 rw-p 00000000 00:00 0 
7f7badbb4000-7f7badbbe000 rw-p 00000000 00:00 0 
7f7badbbe000-7f7badc4c000 ---p 00000000 00:00 0 
7f7badc4c000-7f7badc4d000 ---p 00000000 00:00 0 
7f7badc4d000-7f7badc50000 ---p 00000000 00:00 0 
7f7badc50000-7f7badd4f000 rw-p 00000000 00:00 0 
7f7badd4f000-7f7badd59000 r--s 00116000 08:02 869000                     /usr/lib/jvm/java-8-openjdk-amd64/jre/lib/ext/localedata.jar
7f7badd59000-7f7badd62000 rw-p 00000000 00:00 0 
7f7badd62000-7f7badd6a000 rw-s 00000000 08:02 1237135                    /tmp/hsperfdata_akr/4467
7f7badd6a000-7f7badd6b000 rw-p 00000000 00:00 0 
7f7badd6b000-7f7badd6c000 ---p 00000000 00:00 0 
7f7badd6c000-7f7badd6e000 rw-p 00000000 00:00 0 
7f7badd6e000-7f7badd6f000 r--p 00023000 08:02 1376259                    /lib/x86_64-linux-gnu/ld-2.24.so
7f7badd6f000-7f7badd70000 rw-p 00024000 08:02 1376259                    /lib/x86_64-linux-gnu/ld-2.24.so
7f7badd70000-7f7badd71000 rw-p 00000000 00:00 0 
7ffd6d601000-7ffd6d622000 rw-p 00000000 00:00 0                          [stack]
7ffd6d6a9000-7ffd6d6ab000 r--p 00000000 00:00 0                          [vvar]
7ffd6d6ab000-7ffd6d6ad000 r-xp 00000000 00:00 0                          [vdso]
ffffffffff600000-ffffffffff601000 r-xp 00000000 00:00 0                  [vsyscall]

VM Arguments:
jvm_args: -Dclassworlds.conf=/home/common/apps/netbeans_8.2_akrSized_359MB/java/maven/bin/m2.conf -Dmaven.home=/home/common/apps/netbeans_8.2_akrSized_359MB/java/maven 
java_command: org.codehaus.plexus.classworlds.launcher.Launcher -f /home/akr/Desktop/clinicplus/netbeansProject/pom.xml -Dmaven.ext.class.path=/home/common/apps/netbeans_8.2_akrSized_359MB/java/maven-nblib/netbeans-eventspy.jar clean install
java_class_path (initial): /home/common/apps/netbeans_8.2_akrSized_359MB/java/maven/boot/plexus-classworlds-2.4.jar
Launcher Type: SUN_STANDARD

Environment Variables:
JAVA_HOME=/usr/lib/jvm/java-8-openjdk-amd64
PATH=/usr/local/bin:/usr/bin:/bin:/usr/local/games:/usr/games
LD_LIBRARY_PATH=/usr/lib/jvm/java-8-openjdk-amd64/bin/../jre/lib/amd64:/usr/lib/jvm/java-8-openjdk-amd64/bin/../jre/lib/i386:
SHELL=/bin/bash
DISPLAY=:0.0

Signal Handlers:
SIGSEGV: [libjvm.so+0xa74b40], sa_mask[0]=11111111011111111101111111111110, sa_flags=SA_RESTART|SA_SIGINFO
SIGBUS: [libjvm.so+0xa74b40], sa_mask[0]=11111111011111111101111111111110, sa_flags=SA_RESTART|SA_SIGINFO
SIGFPE: [libjvm.so+0x8bd510], sa_mask[0]=11111111011111111101111111111110, sa_flags=SA_RESTART|SA_SIGINFO
SIGPIPE: [libjvm.so+0x8bd510], sa_mask[0]=11111111011111111101111111111110, sa_flags=SA_RESTART|SA_SIGINFO
SIGXFSZ: [libjvm.so+0x8bd510], sa_mask[0]=11111111011111111101111111111110, sa_flags=SA_RESTART|SA_SIGINFO
SIGILL: [libjvm.so+0x8bd510], sa_mask[0]=11111111011111111101111111111110, sa_flags=SA_RESTART|SA_SIGINFO
SIGUSR1: SIG_DFL, sa_mask[0]=00000000000000000000000000000000, sa_flags=none
SIGUSR2: [libjvm.so+0x8bd3c0], sa_mask[0]=00100000000000000000000000000000, sa_flags=SA_RESTART|SA_SIGINFO
SIGHUP: [libjvm.so+0x8bd870], sa_mask[0]=11111111011111111101111111111110, sa_flags=SA_RESTART|SA_SIGINFO
SIGINT: SIG_IGN, sa_mask[0]=00000000000000000000000000000000, sa_flags=none
SIGTERM: [libjvm.so+0x8bd870], sa_mask[0]=11111111011111111101111111111110, sa_flags=SA_RESTART|SA_SIGINFO
SIGQUIT: [libjvm.so+0x8bd870], sa_mask[0]=11111111011111111101111111111110, sa_flags=SA_RESTART|SA_SIGINFO


---------------  S Y S T E M  ---------------

OS:PRETTY_NAME="Debian GNU/Linux 9 (stretch)"
NAME="Debian GNU/Linux"
VERSION_ID="9"
VERSION="9 (stretch)"
ID=debian
HOME_URL="https://www.debian.org/"
SUPPORT_URL="https://www.debian.org/support"
BUG_REPORT_URL="https://bugs.debian.org/"

uname:Linux 4.9.0-8-amd64 #1 SMP Debian 4.9.144-3 (2019-02-02) x86_64
libc:glibc 2.24 NPTL 2.24 
rlimit: STACK 8192k, CORE 0k, NPROC 7164, NOFILE 1048576, AS infinity
load average:1.32 0.79 0.69

/proc/meminfo:
MemTotal:        1856424 kB
MemFree:           74588 kB
MemAvailable:          0 kB
Buffers:            1048 kB
Cached:            98316 kB
SwapCached:          376 kB
Active:          1211460 kB
Inactive:         413628 kB
Active(anon):    1196820 kB
Inactive(anon):   399020 kB
Active(file):      14640 kB
Inactive(file):    14608 kB
Unevictable:         192 kB
Mlocked:             192 kB
SwapTotal:       1968124 kB
SwapFree:              0 kB
Dirty:                48 kB
Writeback:           180 kB
AnonPages:       1525904 kB
Mapped:            24388 kB
Shmem:             69944 kB
Slab:              57308 kB
SReclaimable:      22048 kB
SUnreclaim:        35260 kB
KernelStack:        9936 kB
PageTables:        50652 kB
NFS_Unstable:          0 kB
Bounce:                0 kB
WritebackTmp:          0 kB
CommitLimit:     2896336 kB
Committed_AS:    7028360 kB
VmallocTotal:   34359738367 kB
VmallocUsed:           0 kB
VmallocChunk:          0 kB
HardwareCorrupted:     0 kB
AnonHugePages:         0 kB
ShmemHugePages:        0 kB
ShmemPmdMapped:        0 kB
HugePages_Total:       0
HugePages_Free:        0
HugePages_Rsvd:        0
HugePages_Surp:        0
Hugepagesize:       2048 kB
DirectMap4k:      145148 kB
DirectMap2M:     1824768 kB


CPU:total 2 (initial active 2) (2 cores per cpu, 1 threads per core) family 6 model 58 stepping 9, cmov, cx8, fxsr, mmx, sse, sse2, sse3, ssse3, sse4.1, sse4.2, popcnt, clmul, erms, tsc, tscinvbit, tscinv

/proc/cpuinfo:
processor	: 0
vendor_id	: GenuineIntel
cpu family	: 6
model		: 58
model name	: Intel(R) Pentium(R) CPU 2020M @ 2.40GHz
stepping	: 9
microcode	: 0x17
cpu MHz		: 2399.853
cache size	: 2048 KB
physical id	: 0
siblings	: 2
core id		: 0
cpu cores	: 2
apicid		: 0
initial apicid	: 0
fpu		: yes
fpu_exception	: yes
cpuid level	: 13
wp		: yes
flags		: fpu vme de pse tsc msr pae mce cx8 apic sep mtrr pge mca cmov pat pse36 clflush dts acpi mmx fxsr sse sse2 ss ht tm pbe syscall nx rdtscp lm constant_tsc arch_perfmon pebs bts rep_good nopl xtopology nonstop_tsc aperfmperf pni pclmulqdq dtes64 monitor ds_cpl vmx est tm2 ssse3 cx16 xtpr pdcm pcid sse4_1 sse4_2 x2apic popcnt tsc_deadline_timer xsave lahf_lm epb kaiser tpr_shadow vnmi flexpriority ept vpid fsgsbase smep erms xsaveopt dtherm arat pln pts
bugs		: cpu_meltdown spectre_v1 spectre_v2 spec_store_bypass l1tf
bogomips	: 4789.27
clflush size	: 64
cache_alignment	: 64
address sizes	: 36 bits physical, 48 bits virtual
power management:

processor	: 1
vendor_id	: GenuineIntel
cpu family	: 6
model		: 58
model name	: Intel(R) Pentium(R) CPU 2020M @ 2.40GHz
stepping	: 9
microcode	: 0x17
cpu MHz		: 2399.853
cache size	: 2048 KB
physical id	: 0
siblings	: 2
core id		: 1
cpu cores	: 2
apicid		: 2
initial apicid	: 2
fpu		: yes
fpu_exception	: yes
cpuid level	: 13
wp		: yes
flags		: fpu vme de pse tsc msr pae mce cx8 apic sep mtrr pge mca cmov pat pse36 clflush dts acpi mmx fxsr sse sse2 ss ht tm pbe syscall nx rdtscp lm constant_tsc arch_perfmon pebs bts rep_good nopl xtopology nonstop_tsc aperfmperf pni pclmulqdq dtes64 monitor ds_cpl vmx est tm2 ssse3 cx16 xtpr pdcm pcid sse4_1 sse4_2 x2apic popcnt tsc_deadline_timer xsave lahf_lm epb kaiser tpr_shadow vnmi flexpriority ept vpid fsgsbase smep erms xsaveopt dtherm arat pln pts
bugs		: cpu_meltdown spectre_v1 spectre_v2 spec_store_bypass l1tf
bogomips	: 4789.27
clflush size	: 64
cache_alignment	: 64
address sizes	: 36 bits physical, 48 bits virtual
power management:



Memory: 4k page, physical 1856424k(74604k free), swap 1968124k(0k free)

vm_info: OpenJDK 64-Bit Server VM (25.181-b13) for linux-amd64 JRE (1.8.0_181-8u181-b13-2~deb9u1-b13), built on Oct 22 2018 18:05:23 by "pbuilder" with gcc 6.3.0 20170516

time: Mon Jun 10 18:01:51 2019
elapsed time: 6 seconds (0d 0h 0m 6s)

